0 info it worked if it ends with ok
1 verbose cli [ 'C:\\Program Files\\nodejs\\node.exe',
1 verbose cli   'C:\\Program Files\\nodejs\\node_modules\\npm\\bin\\npm-cli.js',
1 verbose cli   'start' ]
2 info using npm@3.10.9
3 info using node@v7.1.0
4 verbose run-script [ 'prestart', 'start', 'poststart' ]
5 info lifecycle node-express-gen@0.0.0~prestart: node-express-gen@0.0.0
6 silly lifecycle node-express-gen@0.0.0~prestart: no script for prestart, continuing
7 info lifecycle node-express-gen@0.0.0~start: node-express-gen@0.0.0
8 verbose lifecycle node-express-gen@0.0.0~start: unsafe-perm in lifecycle true
9 verbose lifecycle node-express-gen@0.0.0~start: PATH: C:\Program Files\nodejs\node_modules\npm\bin\node-gyp-bin;C:\Users\craig_tjerandsen\workspace\chain-node\node_modules\.bin;C:\ProgramData\Oracle\Java\javapath;C:\Program Files\Common Files\Microsoft Shared\Windows Live;C:\tools\Java\jdk1.6.0_20/bin;C:\tools\oracle\11GR1\bin;C:\tools\sybase15\RPL-15_0\bin;C:\tools\sybase15\UAF-2_0\bin;C:\tools\sybase15\OCS-15_0\lib3p64;C:\tools\sybase15\OCS-15_0\lib3p;C:\tools\sybase15\OCS-15_0\dll;C:\tools\sybase15\OCS-15_0\bin;C:\tools\sybase15\ASE-15_0\dll;C:\tools\sybase15\ASE-15_0\bin;C:\tools\cygwin\bin;C:\Windows\system32;C:\Windows;C:\Windows\System32\Wbem;C:\Windows\System32\WindowsPowerShell\v1.0\;C:\Program Files (x86)\ATI Technologies\ATI.ACE\Core-Static;C:\tools\sybase15\DBISQL\bin;C:\Program Files (x86)\TortoiseHg\;C:\Program Files (x86)\WinMerge;C:\Program Files (x86)\PuTTY\;C:\calypso\software\release\releng\apache-ant\bin;C:\Program Files (x86)\Git\cmd;C:\Program Files (x86)\CineForm\Tools;C:\Program Files (x86)\GoPro\Tools;C:\Program Files\Microsoft\Web Platform Installer\;C:\Program Files\Intel\WiFi\bin\;C:\Program Files\Common Files\Intel\WirelessCommon\;C:\Program Files (x86)\Intel\OpenCL SDK\2.0\bin\x86;C:\Program Files (x86)\Intel\OpenCL SDK\2.0\bin\x64;C:\Program Files\TortoiseSVN\bin;C:\Program Files (x86)\Bitvise SSH Client;C:\Program Files\Amazon\AWSCLI\;C:\Program Files (x86)\QuickTime\QTSystem\;C:\Go\bin;C:\Program Files\nodejs\;C:\Program Files (x86)\Heroku\bin;C:\Program Files\TortoiseGit\bin;C:\Program Files\Git\cmd;C:\Program Files\Git LFS;C:\Program Files\MongoDB\Server\3.4\bin;C:\Users\craig_tjerandsen\AppData\Roaming\Dashlane\4.6.6.23032\bin\Firefox_Extension\{442718d9-475e-452a-b3e1-fb1ee16b8e9f}\components;C:\Program Files\Docker Toolbox
10 verbose lifecycle node-express-gen@0.0.0~start: CWD: C:\Users\craig_tjerandsen\workspace\chain-node
11 silly lifecycle node-express-gen@0.0.0~start: Args: [ '/d /s /c', 'node ./bin/www' ]
12 verbose stack Error: kill ENOSYS
12 verbose stack     at exports._errnoException (util.js:1022:11)
12 verbose stack     at process.kill (internal/process.js:173:13)
12 verbose stack     at process.listener (C:\Program Files\nodejs\node_modules\npm\node_modules\npmlog\node_modules\gauge\node_modules\signal-exit\index.js:86:15)
12 verbose stack     at emitNone (events.js:91:20)
12 verbose stack     at process.emit (events.js:185:7)
12 verbose stack     at processEmit (C:\Program Files\nodejs\node_modules\npm\node_modules\npmlog\node_modules\gauge\node_modules\signal-exit\index.js:146:32)
12 verbose stack     at processEmit (C:\Program Files\nodejs\node_modules\npm\node_modules\npm-registry-client\node_modules\npmlog\node_modules\gauge\node_modules\signal-exit\index.js:146:32)
12 verbose stack     at Signal.wrap.onsignal (internal/process.js:200:44)
13 verbose cwd C:\Users\craig_tjerandsen\workspace\chain-node
14 error Windows_NT 6.1.7601
15 error argv "C:\\Program Files\\nodejs\\node.exe" "C:\\Program Files\\nodejs\\node_modules\\npm\\bin\\npm-cli.js" "start"
16 error node v7.1.0
17 error npm  v3.10.9
18 error code ENOSYS
19 error errno ENOSYS
20 error syscall kill
21 error kill ENOSYS
22 error If you need help, you may report this error at:
22 error     <https://github.com/npm/npm/issues>
23 verbose exit [ 1, true ]
